<?xml version="1.0" encoding="UTF-8"?>
<!-- Generated by org.testng.reporters.JUnitReportReporter -->
<testsuite hostname="LAPTOP-22SI24EH" failures="0" tests="1" name="jenkins.Jenkinsex" time="0.009" errors="0" timestamp="2023-04-25T16:54:38 IST" skipped="0">
  <testcase classname="jenkins.Jenkinsex" name="method" time="0.009"/>
  <system-out/>
</testsuite> <!-- jenkins.Jenkinsex -->
